14:11:38.315 INFO  c.e.holaserver.HolaServerApplication - Starting HolaServerApplication using Java 15.0.1 on MacBook-Pro.local with PID 73527 (/Users/knowre/Desktop/Yunmin_Source_Code/Hola-Server/build/libs/hola-api-deploy-0.0.1-SNAPSHOT.jar started by knowre in /Users/knowre/Desktop/Yunmin_Source_Code/Hola-Server)
14:11:38.319 INFO  c.e.holaserver.HolaServerApplication - The following 3 profiles are active: "local", "local_docker_mysql", "common"
14:11:40.292 INFO  o.s.d.r.c.RepositoryConfigurationDelegate - Bootstrapping Spring Data JPA repositories in DEFAULT mode.
14:11:40.479 INFO  o.s.d.r.c.RepositoryConfigurationDelegate - Finished Spring Data repository scanning in 166 ms. Found 5 JPA repository interfaces.
14:11:41.149 INFO  c.u.j.c.EnableEncryptablePropertiesBeanFactoryPostProcessor - Post-processing PropertySource instances
14:11:41.215 INFO  c.u.j.EncryptablePropertySourceConverter - Converting PropertySource configurationProperties [org.springframework.boot.context.properties.source.ConfigurationPropertySourcesPropertySource] to AOP Proxy
14:11:41.217 INFO  c.u.j.EncryptablePropertySourceConverter - Converting PropertySource servletConfigInitParams [org.springframework.core.env.PropertySource$StubPropertySource] to EncryptablePropertySourceWrapper
14:11:41.217 INFO  c.u.j.EncryptablePropertySourceConverter - Converting PropertySource servletContextInitParams [org.springframework.core.env.PropertySource$StubPropertySource] to EncryptablePropertySourceWrapper
14:11:41.217 INFO  c.u.j.EncryptablePropertySourceConverter - Converting PropertySource systemProperties [org.springframework.core.env.PropertiesPropertySource] to EncryptableMapPropertySourceWrapper
14:11:41.217 INFO  c.u.j.EncryptablePropertySourceConverter - Converting PropertySource systemEnvironment [org.springframework.boot.env.SystemEnvironmentPropertySourceEnvironmentPostProcessor$OriginAwareSystemEnvironmentPropertySource] to EncryptableSystemEnvironmentPropertySourceWrapper
14:11:41.217 INFO  c.u.j.EncryptablePropertySourceConverter - Converting PropertySource random [org.springframework.boot.env.RandomValuePropertySource] to EncryptablePropertySourceWrapper
14:11:41.217 INFO  c.u.j.EncryptablePropertySourceConverter - Converting PropertySource Config resource 'class path resource [application.yml]' via location 'optional:classpath:/' (document #5) [org.springframework.boot.env.OriginTrackedMapPropertySource] to EncryptableMapPropertySourceWrapper
14:11:41.217 INFO  c.u.j.EncryptablePropertySourceConverter - Converting PropertySource Config resource 'class path resource [application.yml]' via location 'optional:classpath:/' (document #2) [org.springframework.boot.env.OriginTrackedMapPropertySource] to EncryptableMapPropertySourceWrapper
14:11:41.217 INFO  c.u.j.EncryptablePropertySourceConverter - Converting PropertySource Config resource 'class path resource [application.yml]' via location 'optional:classpath:/' (document #1) [org.springframework.boot.env.OriginTrackedMapPropertySource] to EncryptableMapPropertySourceWrapper
14:11:41.218 INFO  c.u.j.EncryptablePropertySourceConverter - Converting PropertySource Config resource 'class path resource [application.yml]' via location 'optional:classpath:/' (document #0) [org.springframework.boot.env.OriginTrackedMapPropertySource] to EncryptableMapPropertySourceWrapper
14:11:41.414 INFO  c.u.j.f.DefaultLazyPropertyFilter - Property Filter custom Bean not found with name 'encryptablePropertyFilter'. Initializing Default Property Filter
14:11:41.875 INFO  c.u.j.r.DefaultLazyPropertyResolver - Property Resolver custom Bean not found with name 'encryptablePropertyResolver'. Initializing Default Property Resolver
14:11:41.881 INFO  c.u.j.d.DefaultLazyPropertyDetector - Property Detector custom Bean not found with name 'encryptablePropertyDetector'. Initializing Default Property Detector
14:11:42.532 INFO  o.s.b.w.e.tomcat.TomcatWebServer - Tomcat initialized with port(s): 3000 (http)
14:11:42.560 INFO  o.a.coyote.http11.Http11NioProtocol - Initializing ProtocolHandler ["http-nio-3000"]
14:11:42.561 INFO  o.a.catalina.core.StandardService - Starting service [Tomcat]
14:11:42.561 INFO  o.a.catalina.core.StandardEngine - Starting Servlet engine: [Apache Tomcat/9.0.68]
14:11:42.729 INFO  o.a.c.c.C.[Tomcat].[localhost].[/] - Initializing Spring embedded WebApplicationContext
14:11:42.729 INFO  o.s.b.w.s.c.ServletWebServerApplicationContext - Root WebApplicationContext: initialization completed in 4277 ms
14:11:43.119 INFO  o.f.c.i.license.VersionPrinter - Flyway Community Edition 8.5.13 by Redgate
14:11:43.120 INFO  o.f.c.i.license.VersionPrinter - See what's new here: https://flywaydb.org/documentation/learnmore/releaseNotes#8.5.13
14:11:43.120 INFO  o.f.c.i.license.VersionPrinter - 
14:11:43.781 INFO  o.f.c.i.d.base.BaseDatabaseType - Database: jdbc:mysql://localhost:3306/hola_db (MySQL 8.0)
14:11:43.963 INFO  o.f.core.internal.command.DbValidate - Successfully validated 11 migrations (execution time 00:00.074s)
14:11:44.011 INFO  o.f.core.internal.command.DbMigrate - Current version of schema `hola_db`: 2.7
14:11:44.014 INFO  o.f.core.internal.command.DbMigrate - Schema `hola_db` is up to date. No migration necessary.
14:11:44.367 INFO  o.h.jpa.internal.util.LogHelper - HHH000204: Processing PersistenceUnitInfo [name: default]
14:11:44.508 INFO  org.hibernate.Version - HHH000412: Hibernate ORM core version 5.6.12.Final
14:11:45.006 INFO  o.h.annotations.common.Version - HCANN000001: Hibernate Commons Annotations {5.1.2.Final}
14:11:45.225 INFO  com.zaxxer.hikari.HikariDataSource - HikariPool-1 - Starting...
14:11:45.355 INFO  com.zaxxer.hikari.HikariDataSource - HikariPool-1 - Start completed.
14:11:45.408 INFO  org.hibernate.dialect.Dialect - HHH000400: Using dialect: org.hibernate.dialect.MySQL8Dialect
14:11:47.005 INFO  o.h.e.t.j.p.i.JtaPlatformInitiator - HHH000490: Using JtaPlatform implementation: [org.hibernate.engine.transaction.jta.platform.internal.NoJtaPlatform]
14:11:47.022 INFO  o.s.o.j.LocalContainerEntityManagerFactoryBean - Initialized JPA EntityManagerFactory for persistence unit 'default'
14:11:49.084 INFO  o.a.coyote.http11.Http11NioProtocol - Starting ProtocolHandler ["http-nio-3000"]
14:11:49.120 INFO  o.s.b.w.e.tomcat.TomcatWebServer - Tomcat started on port(s): 3000 (http) with context path ''
14:11:49.162 INFO  c.e.holaserver.HolaServerApplication - Started HolaServerApplication in 12.332 seconds (JVM running for 13.171)
14:19:14.646 INFO  o.s.o.j.LocalContainerEntityManagerFactoryBean - Closing JPA EntityManagerFactory for persistence unit 'default'
14:19:14.652 INFO  com.zaxxer.hikari.HikariDataSource - HikariPool-1 - Shutdown initiated...
14:19:14.787 INFO  com.zaxxer.hikari.HikariDataSource - HikariPool-1 - Shutdown completed.
14:20:05.523 INFO  c.e.holaserver.HolaServerApplication - Starting HolaServerApplication using Java 15.0.1 on MacBook-Pro.local with PID 74602 (/Users/knowre/Desktop/Yunmin_Source_Code/Hola-Server/build/libs/hola-api-deploy-0.0.1-SNAPSHOT.jar started by knowre in /Users/knowre/Desktop/Yunmin_Source_Code/Hola-Server)
14:20:05.527 INFO  c.e.holaserver.HolaServerApplication - The following 3 profiles are active: "local", "local_docker_mysql", "common"
14:20:07.377 INFO  o.s.d.r.c.RepositoryConfigurationDelegate - Bootstrapping Spring Data JPA repositories in DEFAULT mode.
14:20:07.625 INFO  o.s.d.r.c.RepositoryConfigurationDelegate - Finished Spring Data repository scanning in 228 ms. Found 5 JPA repository interfaces.
14:20:08.276 INFO  c.u.j.c.EnableEncryptablePropertiesBeanFactoryPostProcessor - Post-processing PropertySource instances
14:20:08.339 INFO  c.u.j.EncryptablePropertySourceConverter - Converting PropertySource configurationProperties [org.springframework.boot.context.properties.source.ConfigurationPropertySourcesPropertySource] to AOP Proxy
14:20:08.341 INFO  c.u.j.EncryptablePropertySourceConverter - Converting PropertySource servletConfigInitParams [org.springframework.core.env.PropertySource$StubPropertySource] to EncryptablePropertySourceWrapper
14:20:08.342 INFO  c.u.j.EncryptablePropertySourceConverter - Converting PropertySource servletContextInitParams [org.springframework.core.env.PropertySource$StubPropertySource] to EncryptablePropertySourceWrapper
14:20:08.342 INFO  c.u.j.EncryptablePropertySourceConverter - Converting PropertySource systemProperties [org.springframework.core.env.PropertiesPropertySource] to EncryptableMapPropertySourceWrapper
14:20:08.342 INFO  c.u.j.EncryptablePropertySourceConverter - Converting PropertySource systemEnvironment [org.springframework.boot.env.SystemEnvironmentPropertySourceEnvironmentPostProcessor$OriginAwareSystemEnvironmentPropertySource] to EncryptableSystemEnvironmentPropertySourceWrapper
14:20:08.342 INFO  c.u.j.EncryptablePropertySourceConverter - Converting PropertySource random [org.springframework.boot.env.RandomValuePropertySource] to EncryptablePropertySourceWrapper
14:20:08.342 INFO  c.u.j.EncryptablePropertySourceConverter - Converting PropertySource Config resource 'class path resource [application.yml]' via location 'optional:classpath:/' (document #5) [org.springframework.boot.env.OriginTrackedMapPropertySource] to EncryptableMapPropertySourceWrapper
14:20:08.342 INFO  c.u.j.EncryptablePropertySourceConverter - Converting PropertySource Config resource 'class path resource [application.yml]' via location 'optional:classpath:/' (document #2) [org.springframework.boot.env.OriginTrackedMapPropertySource] to EncryptableMapPropertySourceWrapper
14:20:08.342 INFO  c.u.j.EncryptablePropertySourceConverter - Converting PropertySource Config resource 'class path resource [application.yml]' via location 'optional:classpath:/' (document #1) [org.springframework.boot.env.OriginTrackedMapPropertySource] to EncryptableMapPropertySourceWrapper
14:20:08.342 INFO  c.u.j.EncryptablePropertySourceConverter - Converting PropertySource Config resource 'class path resource [application.yml]' via location 'optional:classpath:/' (document #0) [org.springframework.boot.env.OriginTrackedMapPropertySource] to EncryptableMapPropertySourceWrapper
14:20:08.534 INFO  c.u.j.f.DefaultLazyPropertyFilter - Property Filter custom Bean not found with name 'encryptablePropertyFilter'. Initializing Default Property Filter
14:20:08.990 INFO  c.u.j.r.DefaultLazyPropertyResolver - Property Resolver custom Bean not found with name 'encryptablePropertyResolver'. Initializing Default Property Resolver
14:20:08.995 INFO  c.u.j.d.DefaultLazyPropertyDetector - Property Detector custom Bean not found with name 'encryptablePropertyDetector'. Initializing Default Property Detector
14:20:09.640 INFO  o.s.b.w.e.tomcat.TomcatWebServer - Tomcat initialized with port(s): 3000 (http)
14:20:09.671 INFO  o.a.coyote.http11.Http11NioProtocol - Initializing ProtocolHandler ["http-nio-3000"]
14:20:09.672 INFO  o.a.catalina.core.StandardService - Starting service [Tomcat]
14:20:09.672 INFO  o.a.catalina.core.StandardEngine - Starting Servlet engine: [Apache Tomcat/9.0.68]
14:20:09.839 INFO  o.a.c.c.C.[Tomcat].[localhost].[/] - Initializing Spring embedded WebApplicationContext
14:20:09.839 INFO  o.s.b.w.s.c.ServletWebServerApplicationContext - Root WebApplicationContext: initialization completed in 4183 ms
14:20:10.101 INFO  c.u.j.encryptor.DefaultLazyEncryptor - Found Custom Encryptor Bean org.jasypt.encryption.pbe.PooledPBEStringEncryptor@34a1d21f with name: jasyptStringEncryptor
14:20:10.322 INFO  o.f.c.i.license.VersionPrinter - Flyway Community Edition 8.5.13 by Redgate
14:20:10.322 INFO  o.f.c.i.license.VersionPrinter - See what's new here: https://flywaydb.org/documentation/learnmore/releaseNotes#8.5.13
14:20:10.322 INFO  o.f.c.i.license.VersionPrinter - 
14:20:10.839 INFO  o.f.c.i.d.base.BaseDatabaseType - Database: jdbc:mysql://localhost:3306/hola_db (MySQL 8.0)
14:20:11.006 INFO  o.f.core.internal.command.DbValidate - Successfully validated 11 migrations (execution time 00:00.067s)
14:20:11.047 INFO  o.f.core.internal.command.DbMigrate - Current version of schema `hola_db`: 2.7
14:20:11.049 INFO  o.f.core.internal.command.DbMigrate - Schema `hola_db` is up to date. No migration necessary.
14:20:11.479 INFO  o.h.jpa.internal.util.LogHelper - HHH000204: Processing PersistenceUnitInfo [name: default]
14:20:11.638 INFO  org.hibernate.Version - HHH000412: Hibernate ORM core version 5.6.12.Final
14:20:12.148 INFO  o.h.annotations.common.Version - HCANN000001: Hibernate Commons Annotations {5.1.2.Final}
14:20:12.380 INFO  com.zaxxer.hikari.HikariDataSource - HikariPool-1 - Starting...
14:20:12.503 INFO  com.zaxxer.hikari.HikariDataSource - HikariPool-1 - Start completed.
14:20:12.561 INFO  org.hibernate.dialect.Dialect - HHH000400: Using dialect: org.hibernate.dialect.MySQL8Dialect
14:20:14.173 INFO  o.h.e.t.j.p.i.JtaPlatformInitiator - HHH000490: Using JtaPlatform implementation: [org.hibernate.engine.transaction.jta.platform.internal.NoJtaPlatform]
14:20:14.191 INFO  o.s.o.j.LocalContainerEntityManagerFactoryBean - Initialized JPA EntityManagerFactory for persistence unit 'default'
14:20:16.253 INFO  o.a.coyote.http11.Http11NioProtocol - Starting ProtocolHandler ["http-nio-3000"]
14:20:16.291 INFO  o.s.b.w.e.tomcat.TomcatWebServer - Tomcat started on port(s): 3000 (http) with context path ''
14:20:16.324 INFO  c.e.holaserver.HolaServerApplication - Started HolaServerApplication in 12.243 seconds (JVM running for 13.063)
14:20:38.674 INFO  o.s.o.j.LocalContainerEntityManagerFactoryBean - Closing JPA EntityManagerFactory for persistence unit 'default'
14:20:38.684 INFO  com.zaxxer.hikari.HikariDataSource - HikariPool-1 - Shutdown initiated...
14:20:38.762 INFO  com.zaxxer.hikari.HikariDataSource - HikariPool-1 - Shutdown completed.
14:20:56.420 INFO  c.e.holaserver.HolaServerApplication - Starting HolaServerApplication using Java 15.0.1 on MacBook-Pro.local with PID 74810 (/Users/knowre/Desktop/Yunmin_Source_Code/Hola-Server/build/libs/hola-api-deploy-0.0.1-SNAPSHOT.jar started by knowre in /Users/knowre/Desktop/Yunmin_Source_Code/Hola-Server)
14:20:56.425 INFO  c.e.holaserver.HolaServerApplication - The following 3 profiles are active: "local", "local_docker_mysql", "common"
14:20:58.277 INFO  o.s.d.r.c.RepositoryConfigurationDelegate - Bootstrapping Spring Data JPA repositories in DEFAULT mode.
14:20:58.523 INFO  o.s.d.r.c.RepositoryConfigurationDelegate - Finished Spring Data repository scanning in 179 ms. Found 5 JPA repository interfaces.
14:20:59.181 INFO  c.u.j.c.EnableEncryptablePropertiesBeanFactoryPostProcessor - Post-processing PropertySource instances
14:20:59.246 INFO  c.u.j.EncryptablePropertySourceConverter - Converting PropertySource configurationProperties [org.springframework.boot.context.properties.source.ConfigurationPropertySourcesPropertySource] to AOP Proxy
14:20:59.248 INFO  c.u.j.EncryptablePropertySourceConverter - Converting PropertySource servletConfigInitParams [org.springframework.core.env.PropertySource$StubPropertySource] to EncryptablePropertySourceWrapper
14:20:59.248 INFO  c.u.j.EncryptablePropertySourceConverter - Converting PropertySource servletContextInitParams [org.springframework.core.env.PropertySource$StubPropertySource] to EncryptablePropertySourceWrapper
14:20:59.248 INFO  c.u.j.EncryptablePropertySourceConverter - Converting PropertySource systemProperties [org.springframework.core.env.PropertiesPropertySource] to EncryptableMapPropertySourceWrapper
14:20:59.248 INFO  c.u.j.EncryptablePropertySourceConverter - Converting PropertySource systemEnvironment [org.springframework.boot.env.SystemEnvironmentPropertySourceEnvironmentPostProcessor$OriginAwareSystemEnvironmentPropertySource] to EncryptableSystemEnvironmentPropertySourceWrapper
14:20:59.248 INFO  c.u.j.EncryptablePropertySourceConverter - Converting PropertySource random [org.springframework.boot.env.RandomValuePropertySource] to EncryptablePropertySourceWrapper
14:20:59.248 INFO  c.u.j.EncryptablePropertySourceConverter - Converting PropertySource Config resource 'class path resource [application.yml]' via location 'optional:classpath:/' (document #5) [org.springframework.boot.env.OriginTrackedMapPropertySource] to EncryptableMapPropertySourceWrapper
14:20:59.248 INFO  c.u.j.EncryptablePropertySourceConverter - Converting PropertySource Config resource 'class path resource [application.yml]' via location 'optional:classpath:/' (document #2) [org.springframework.boot.env.OriginTrackedMapPropertySource] to EncryptableMapPropertySourceWrapper
14:20:59.248 INFO  c.u.j.EncryptablePropertySourceConverter - Converting PropertySource Config resource 'class path resource [application.yml]' via location 'optional:classpath:/' (document #1) [org.springframework.boot.env.OriginTrackedMapPropertySource] to EncryptableMapPropertySourceWrapper
14:20:59.248 INFO  c.u.j.EncryptablePropertySourceConverter - Converting PropertySource Config resource 'class path resource [application.yml]' via location 'optional:classpath:/' (document #0) [org.springframework.boot.env.OriginTrackedMapPropertySource] to EncryptableMapPropertySourceWrapper
14:20:59.433 INFO  c.u.j.f.DefaultLazyPropertyFilter - Property Filter custom Bean not found with name 'encryptablePropertyFilter'. Initializing Default Property Filter
14:20:59.918 INFO  c.u.j.r.DefaultLazyPropertyResolver - Property Resolver custom Bean not found with name 'encryptablePropertyResolver'. Initializing Default Property Resolver
14:20:59.924 INFO  c.u.j.d.DefaultLazyPropertyDetector - Property Detector custom Bean not found with name 'encryptablePropertyDetector'. Initializing Default Property Detector
14:21:00.538 INFO  o.s.b.w.e.tomcat.TomcatWebServer - Tomcat initialized with port(s): 3000 (http)
14:21:00.567 INFO  o.a.coyote.http11.Http11NioProtocol - Initializing ProtocolHandler ["http-nio-3000"]
14:21:00.568 INFO  o.a.catalina.core.StandardService - Starting service [Tomcat]
14:21:00.569 INFO  o.a.catalina.core.StandardEngine - Starting Servlet engine: [Apache Tomcat/9.0.68]
14:21:00.728 INFO  o.a.c.c.C.[Tomcat].[localhost].[/] - Initializing Spring embedded WebApplicationContext
14:21:00.728 INFO  o.s.b.w.s.c.ServletWebServerApplicationContext - Root WebApplicationContext: initialization completed in 4185 ms
14:21:00.975 INFO  c.u.j.encryptor.DefaultLazyEncryptor - Found Custom Encryptor Bean org.jasypt.encryption.pbe.PooledPBEStringEncryptor@73c60324 with name: jasyptStringEncryptor
14:21:01.238 INFO  o.f.c.i.license.VersionPrinter - Flyway Community Edition 8.5.13 by Redgate
14:21:01.238 INFO  o.f.c.i.license.VersionPrinter - See what's new here: https://flywaydb.org/documentation/learnmore/releaseNotes#8.5.13
14:21:01.238 INFO  o.f.c.i.license.VersionPrinter - 
14:21:01.775 INFO  o.f.c.i.d.base.BaseDatabaseType - Database: jdbc:mysql://localhost:3306/hola_db (MySQL 8.0)
14:21:01.953 INFO  o.f.core.internal.command.DbValidate - Successfully validated 11 migrations (execution time 00:00.075s)
14:21:02.004 INFO  o.f.core.internal.command.DbMigrate - Current version of schema `hola_db`: 2.7
14:21:02.006 INFO  o.f.core.internal.command.DbMigrate - Schema `hola_db` is up to date. No migration necessary.
14:21:02.371 INFO  o.h.jpa.internal.util.LogHelper - HHH000204: Processing PersistenceUnitInfo [name: default]
14:21:02.549 INFO  org.hibernate.Version - HHH000412: Hibernate ORM core version 5.6.12.Final
14:21:03.102 INFO  o.h.annotations.common.Version - HCANN000001: Hibernate Commons Annotations {5.1.2.Final}
14:21:03.312 INFO  com.zaxxer.hikari.HikariDataSource - HikariPool-1 - Starting...
14:21:03.432 INFO  com.zaxxer.hikari.HikariDataSource - HikariPool-1 - Start completed.
14:21:03.488 INFO  org.hibernate.dialect.Dialect - HHH000400: Using dialect: org.hibernate.dialect.MySQL8Dialect
14:21:05.090 INFO  o.h.e.t.j.p.i.JtaPlatformInitiator - HHH000490: Using JtaPlatform implementation: [org.hibernate.engine.transaction.jta.platform.internal.NoJtaPlatform]
14:21:05.108 INFO  o.s.o.j.LocalContainerEntityManagerFactoryBean - Initialized JPA EntityManagerFactory for persistence unit 'default'
14:21:07.185 INFO  o.a.coyote.http11.Http11NioProtocol - Starting ProtocolHandler ["http-nio-3000"]
14:21:07.225 INFO  o.s.b.w.e.tomcat.TomcatWebServer - Tomcat started on port(s): 3000 (http) with context path ''
14:21:07.257 INFO  c.e.holaserver.HolaServerApplication - Started HolaServerApplication in 12.151 seconds (JVM running for 12.941)
14:21:08.902 INFO  o.s.o.j.LocalContainerEntityManagerFactoryBean - Closing JPA EntityManagerFactory for persistence unit 'default'
14:21:08.905 INFO  com.zaxxer.hikari.HikariDataSource - HikariPool-1 - Shutdown initiated...
14:21:08.949 INFO  com.zaxxer.hikari.HikariDataSource - HikariPool-1 - Shutdown completed.
